<?xml version="1.0" encoding="UTF-8"?>
<testsuite name="com.gabesz79.performance_app_backend.PerformanceAppBackendApplicationTests" tests="1" skipped="0" failures="0" errors="0" timestamp="2025-09-23T11:15:27.879Z" hostname="runnervmf4ws1" time="0.518">
  <properties/>
  <testcase name="contextLoads()" classname="com.gabesz79.performance_app_backend.PerformanceAppBackendApplicationTests" time="0.518"/>
  <system-out><![CDATA[11:15:24.840 [Test worker] INFO org.springframework.test.context.support.AnnotationConfigContextLoaderUtils -- Could not detect default configuration classes for test class [com.gabesz79.performance_app_backend.PerformanceAppBackendApplicationTests]: PerformanceAppBackendApplicationTests does not declare any static, non-private, non-final, nested classes annotated with @Configuration.
11:15:24.940 [Test worker] INFO org.springframework.boot.test.context.SpringBootTestContextBootstrapper -- Found @SpringBootConfiguration com.gabesz79.performance_app_backend.PerformanceAppBackendApplication for test class com.gabesz79.performance_app_backend.PerformanceAppBackendApplicationTests

  .   ____          _            __ _ _
 /\\ / ___'_ __ _ _(_)_ __  __ _ \ \ \ \
( ( )\___ | '_ | '_| | '_ \/ _` | \ \ \ \
 \\/  ___)| |_)| | | | | || (_| |  ) ) ) )
  '  |____| .__|_| |_|_| |_\__, | / / / /
 =========|_|==============|___/=/_/_/_/

 :: Spring Boot ::                (v3.5.6)

2025-09-23T11:15:25.502Z  INFO 2464 --- [    Test worker] .p.PerformanceAppBackendApplicationTests : Starting PerformanceAppBackendApplicationTests using Java 21.0.8 with PID 2464 (started by runner in /home/runner/work/performance-app-backend/performance-app-backend)
2025-09-23T11:15:25.503Z  INFO 2464 --- [    Test worker] .p.PerformanceAppBackendApplicationTests : No active profile set, falling back to 1 default profile: "default"
2025-09-23T11:15:26.173Z  INFO 2464 --- [    Test worker] .s.d.r.c.RepositoryConfigurationDelegate : Bootstrapping Spring Data JPA repositories in DEFAULT mode.
2025-09-23T11:15:26.194Z  INFO 2464 --- [    Test worker] .s.d.r.c.RepositoryConfigurationDelegate : Finished Spring Data repository scanning in 11 ms. Found 0 JPA repository interfaces.
2025-09-23T11:15:26.560Z  INFO 2464 --- [    Test worker] o.hibernate.jpa.internal.util.LogHelper  : HHH000204: Processing PersistenceUnitInfo [name: default]
2025-09-23T11:15:26.605Z  INFO 2464 --- [    Test worker] org.hibernate.Version                    : HHH000412: Hibernate ORM core version 6.6.29.Final
2025-09-23T11:15:26.633Z  INFO 2464 --- [    Test worker] o.h.c.internal.RegionFactoryInitiator    : HHH000026: Second-level cache disabled
2025-09-23T11:15:26.897Z  INFO 2464 --- [    Test worker] o.s.o.j.p.SpringPersistenceUnitInfo      : No LoadTimeWeaver setup: ignoring JPA class transformer
2025-09-23T11:15:26.930Z  INFO 2464 --- [    Test worker] com.zaxxer.hikari.HikariDataSource       : HikariPool-1 - Starting...
2025-09-23T11:15:27.105Z  INFO 2464 --- [    Test worker] com.zaxxer.hikari.pool.HikariPool        : HikariPool-1 - Added connection conn0: url=jdbc:h2:mem:perf_test user=SA
2025-09-23T11:15:27.107Z  INFO 2464 --- [    Test worker] com.zaxxer.hikari.HikariDataSource       : HikariPool-1 - Start completed.
2025-09-23T11:15:27.130Z  WARN 2464 --- [    Test worker] org.hibernate.orm.deprecation            : HHH90000025: H2Dialect does not need to be specified explicitly using 'hibernate.dialect' (remove the property setting and it will be selected by default)
2025-09-23T11:15:27.151Z  INFO 2464 --- [    Test worker] org.hibernate.orm.connections.pooling    : HHH10001005: Database info:
	Database JDBC URL [Connecting through datasource 'HikariDataSource (HikariPool-1)']
	Database driver: undefined/unknown
	Database version: 2.3.232
	Autocommit mode: undefined/unknown
	Isolation level: undefined/unknown
	Minimum pool size: undefined/unknown
	Maximum pool size: undefined/unknown
2025-09-23T11:15:27.402Z  INFO 2464 --- [    Test worker] o.h.e.t.j.p.i.JtaPlatformInitiator       : HHH000489: No JTA platform available (set 'hibernate.transaction.jta.platform' to enable JTA platform integration)
2025-09-23T11:15:27.406Z  INFO 2464 --- [    Test worker] j.LocalContainerEntityManagerFactoryBean : Initialized JPA EntityManagerFactory for persistence unit 'default'
2025-09-23T11:15:27.525Z  WARN 2464 --- [    Test worker] JpaBaseConfiguration$JpaWebConfiguration : spring.jpa.open-in-view is enabled by default. Therefore, database queries may be performed during view rendering. Explicitly configure spring.jpa.open-in-view to disable this warning
2025-09-23T11:15:27.869Z  INFO 2464 --- [    Test worker] .p.PerformanceAppBackendApplicationTests : Started PerformanceAppBackendApplicationTests in 2.744 seconds (process running for 3.795)
]]></system-out>
  <system-err><![CDATA[Mockito is currently self-attaching to enable the inline-mock-maker. This will no longer work in future releases of the JDK. Please add Mockito as an agent to your build as described in Mockito's documentation: https://javadoc.io/doc/org.mockito/mockito-core/latest/org.mockito/org/mockito/Mockito.html#0.3
WARNING: A Java agent has been loaded dynamically (/home/runner/.gradle/caches/modules-2/files-2.1/net.bytebuddy/byte-buddy-agent/1.17.7/fbf3d6d649ed37fc9e9c59480a05be0a26e3c2da/byte-buddy-agent-1.17.7.jar)
WARNING: If a serviceability tool is in use, please run with -XX:+EnableDynamicAgentLoading to hide this warning
WARNING: If a serviceability tool is not in use, please run with -Djdk.instrument.traceUsage for more information
WARNING: Dynamic loading of agents will be disallowed by default in a future release
]]></system-err>
</testsuite>
