<?xml version="1.0" encoding="UTF-8"?>
<testsuite name="com.gabesz79.performance_app_backend.PerformanceAppBackendApplicationTests" tests="1" skipped="0" failures="0" errors="0" timestamp="2025-09-22T12:31:00.213Z" hostname="runnervmf4ws1" time="0.535">
  <properties/>
  <testcase name="contextLoads()" classname="com.gabesz79.performance_app_backend.PerformanceAppBackendApplicationTests" time="0.535"/>
  <system-out><![CDATA[12:30:57.053 [Test worker] INFO org.springframework.test.context.support.AnnotationConfigContextLoaderUtils -- Could not detect default configuration classes for test class [com.gabesz79.performance_app_backend.PerformanceAppBackendApplicationTests]: PerformanceAppBackendApplicationTests does not declare any static, non-private, non-final, nested classes annotated with @Configuration.
12:30:57.152 [Test worker] INFO org.springframework.boot.test.context.SpringBootTestContextBootstrapper -- Found @SpringBootConfiguration com.gabesz79.performance_app_backend.PerformanceAppBackendApplication for test class com.gabesz79.performance_app_backend.PerformanceAppBackendApplicationTests

  .   ____          _            __ _ _
 /\\ / ___'_ __ _ _(_)_ __  __ _ \ \ \ \
( ( )\___ | '_ | '_| | '_ \/ _` | \ \ \ \
 \\/  ___)| |_)| | | | | || (_| |  ) ) ) )
  '  |____| .__|_| |_|_| |_\__, | / / / /
 =========|_|==============|___/=/_/_/_/

 :: Spring Boot ::                (v3.5.6)

2025-09-22T12:30:57.673Z  INFO 2382 --- [performance-app-backend] [    Test worker] .p.PerformanceAppBackendApplicationTests : Starting PerformanceAppBackendApplicationTests using Java 21.0.8 with PID 2382 (started by runner in /home/runner/work/performance-app-backend/performance-app-backend)
2025-09-22T12:30:57.675Z  INFO 2382 --- [performance-app-backend] [    Test worker] .p.PerformanceAppBackendApplicationTests : No active profile set, falling back to 1 default profile: "default"
2025-09-22T12:30:58.311Z  INFO 2382 --- [performance-app-backend] [    Test worker] .s.d.r.c.RepositoryConfigurationDelegate : Bootstrapping Spring Data JPA repositories in DEFAULT mode.
2025-09-22T12:30:58.328Z  INFO 2382 --- [performance-app-backend] [    Test worker] .s.d.r.c.RepositoryConfigurationDelegate : Finished Spring Data repository scanning in 9 ms. Found 0 JPA repository interfaces.
2025-09-22T12:30:58.769Z  INFO 2382 --- [performance-app-backend] [    Test worker] com.zaxxer.hikari.HikariDataSource       : HikariPool-1 - Starting...
2025-09-22T12:30:58.922Z  INFO 2382 --- [performance-app-backend] [    Test worker] com.zaxxer.hikari.pool.HikariPool        : HikariPool-1 - Added connection conn0: url=jdbc:h2:mem:e5994015-fce3-4ed3-9a3d-60440bde8cbf user=SA
2025-09-22T12:30:58.924Z  INFO 2382 --- [performance-app-backend] [    Test worker] com.zaxxer.hikari.HikariDataSource       : HikariPool-1 - Start completed.
2025-09-22T12:30:58.964Z  INFO 2382 --- [performance-app-backend] [    Test worker] org.flywaydb.core.FlywayExecutor         : Database: jdbc:h2:mem:e5994015-fce3-4ed3-9a3d-60440bde8cbf (H2 2.3)
2025-09-22T12:30:58.982Z  INFO 2382 --- [performance-app-backend] [    Test worker] o.f.c.i.s.JdbcTableSchemaHistory         : Schema history table "PUBLIC"."flyway_schema_history" does not exist yet
2025-09-22T12:30:58.984Z  INFO 2382 --- [performance-app-backend] [    Test worker] o.f.core.internal.command.DbValidate     : Successfully validated 0 migrations (execution time 00:00.005s)
2025-09-22T12:30:58.984Z  WARN 2382 --- [performance-app-backend] [    Test worker] o.f.core.internal.command.DbValidate     : No migrations found. Are your locations set up correctly?
2025-09-22T12:30:58.989Z  INFO 2382 --- [performance-app-backend] [    Test worker] o.f.c.i.s.JdbcTableSchemaHistory         : Creating Schema History table "PUBLIC"."flyway_schema_history" ...
2025-09-22T12:30:59.028Z  INFO 2382 --- [performance-app-backend] [    Test worker] o.f.core.internal.command.DbMigrate      : Current version of schema "PUBLIC": << Empty Schema >>
2025-09-22T12:30:59.031Z  INFO 2382 --- [performance-app-backend] [    Test worker] o.f.core.internal.command.DbMigrate      : Schema "PUBLIC" is up to date. No migration necessary.
2025-09-22T12:30:59.114Z  INFO 2382 --- [performance-app-backend] [    Test worker] o.hibernate.jpa.internal.util.LogHelper  : HHH000204: Processing PersistenceUnitInfo [name: default]
2025-09-22T12:30:59.153Z  INFO 2382 --- [performance-app-backend] [    Test worker] org.hibernate.Version                    : HHH000412: Hibernate ORM core version 6.6.29.Final
2025-09-22T12:30:59.178Z  INFO 2382 --- [performance-app-backend] [    Test worker] o.h.c.internal.RegionFactoryInitiator    : HHH000026: Second-level cache disabled
2025-09-22T12:30:59.404Z  INFO 2382 --- [performance-app-backend] [    Test worker] o.s.o.j.p.SpringPersistenceUnitInfo      : No LoadTimeWeaver setup: ignoring JPA class transformer
2025-09-22T12:30:59.476Z  INFO 2382 --- [performance-app-backend] [    Test worker] org.hibernate.orm.connections.pooling    : HHH10001005: Database info:
	Database JDBC URL [Connecting through datasource 'HikariDataSource (HikariPool-1)']
	Database driver: undefined/unknown
	Database version: 2.3.232
	Autocommit mode: undefined/unknown
	Isolation level: undefined/unknown
	Minimum pool size: undefined/unknown
	Maximum pool size: undefined/unknown
2025-09-22T12:30:59.724Z  INFO 2382 --- [performance-app-backend] [    Test worker] o.h.e.t.j.p.i.JtaPlatformInitiator       : HHH000489: No JTA platform available (set 'hibernate.transaction.jta.platform' to enable JTA platform integration)
2025-09-22T12:30:59.728Z  INFO 2382 --- [performance-app-backend] [    Test worker] j.LocalContainerEntityManagerFactoryBean : Initialized JPA EntityManagerFactory for persistence unit 'default'
2025-09-22T12:30:59.831Z  WARN 2382 --- [performance-app-backend] [    Test worker] JpaBaseConfiguration$JpaWebConfiguration : spring.jpa.open-in-view is enabled by default. Therefore, database queries may be performed during view rendering. Explicitly configure spring.jpa.open-in-view to disable this warning
2025-09-22T12:31:00.199Z  INFO 2382 --- [performance-app-backend] [    Test worker] .p.PerformanceAppBackendApplicationTests : Started PerformanceAppBackendApplicationTests in 2.864 seconds (process running for 3.861)
]]></system-out>
  <system-err><![CDATA[Mockito is currently self-attaching to enable the inline-mock-maker. This will no longer work in future releases of the JDK. Please add Mockito as an agent to your build as described in Mockito's documentation: https://javadoc.io/doc/org.mockito/mockito-core/latest/org.mockito/org/mockito/Mockito.html#0.3
WARNING: A Java agent has been loaded dynamically (/home/runner/.gradle/caches/modules-2/files-2.1/net.bytebuddy/byte-buddy-agent/1.17.7/fbf3d6d649ed37fc9e9c59480a05be0a26e3c2da/byte-buddy-agent-1.17.7.jar)
WARNING: If a serviceability tool is in use, please run with -XX:+EnableDynamicAgentLoading to hide this warning
WARNING: If a serviceability tool is not in use, please run with -Djdk.instrument.traceUsage for more information
WARNING: Dynamic loading of agents will be disallowed by default in a future release
]]></system-err>
</testsuite>
