<?xml version="1.0" encoding="UTF-8"?>
<testsuite name="com.gabesz79.performance_app_backend.PerformanceAppBackendApplicationTests" tests="1" skipped="0" failures="0" errors="0" timestamp="2025-09-23T14:51:33.328Z" hostname="runnervmf4ws1" time="0.619">
  <properties/>
  <testcase name="contextLoads()" classname="com.gabesz79.performance_app_backend.PerformanceAppBackendApplicationTests" time="0.619"/>
  <system-out><![CDATA[14:51:26.927 [Test worker] INFO org.springframework.test.context.support.AnnotationConfigContextLoaderUtils -- Could not detect default configuration classes for test class [com.gabesz79.performance_app_backend.PerformanceAppBackendApplicationTests]: PerformanceAppBackendApplicationTests does not declare any static, non-private, non-final, nested classes annotated with @Configuration.
14:51:27.121 [Test worker] INFO org.springframework.boot.test.context.SpringBootTestContextBootstrapper -- Found @SpringBootConfiguration com.gabesz79.performance_app_backend.PerformanceAppBackendApplication for test class com.gabesz79.performance_app_backend.PerformanceAppBackendApplicationTests

  .   ____          _            __ _ _
 /\\ / ___'_ __ _ _(_)_ __  __ _ \ \ \ \
( ( )\___ | '_ | '_| | '_ \/ _` | \ \ \ \
 \\/  ___)| |_)| | | | | || (_| |  ) ) ) )
  '  |____| .__|_| |_|_| |_\__, | / / / /
 =========|_|==============|___/=/_/_/_/

 :: Spring Boot ::                (v3.5.6)

2025-09-23T14:51:27.931Z  INFO 2344 --- [    Test worker] .p.PerformanceAppBackendApplicationTests : Starting PerformanceAppBackendApplicationTests using Java 21.0.8 with PID 2344 (started by runner in /home/runner/work/performance-app-backend/performance-app-backend)
2025-09-23T14:51:27.933Z  INFO 2344 --- [    Test worker] .p.PerformanceAppBackendApplicationTests : No active profile set, falling back to 1 default profile: "default"
2025-09-23T14:51:29.336Z  INFO 2344 --- [    Test worker] .s.d.r.c.RepositoryConfigurationDelegate : Bootstrapping Spring Data JPA repositories in DEFAULT mode.
2025-09-23T14:51:29.369Z  INFO 2344 --- [    Test worker] .s.d.r.c.RepositoryConfigurationDelegate : Finished Spring Data repository scanning in 18 ms. Found 0 JPA repository interfaces.
2025-09-23T14:51:29.885Z  INFO 2344 --- [    Test worker] o.hibernate.jpa.internal.util.LogHelper  : HHH000204: Processing PersistenceUnitInfo [name: default]
2025-09-23T14:51:29.962Z  INFO 2344 --- [    Test worker] org.hibernate.Version                    : HHH000412: Hibernate ORM core version 6.6.29.Final
2025-09-23T14:51:30.012Z  INFO 2344 --- [    Test worker] o.h.c.internal.RegionFactoryInitiator    : HHH000026: Second-level cache disabled
2025-09-23T14:51:30.498Z  INFO 2344 --- [    Test worker] o.s.o.j.p.SpringPersistenceUnitInfo      : No LoadTimeWeaver setup: ignoring JPA class transformer
2025-09-23T14:51:30.559Z  INFO 2344 --- [    Test worker] com.zaxxer.hikari.HikariDataSource       : HikariPool-1 - Starting...
2025-09-23T14:51:31.008Z  INFO 2344 --- [    Test worker] com.zaxxer.hikari.pool.HikariPool        : HikariPool-1 - Added connection conn0: url=jdbc:h2:mem:perf_test user=SA
2025-09-23T14:51:31.011Z  INFO 2344 --- [    Test worker] com.zaxxer.hikari.HikariDataSource       : HikariPool-1 - Start completed.
2025-09-23T14:51:31.055Z  WARN 2344 --- [    Test worker] org.hibernate.orm.deprecation            : HHH90000025: H2Dialect does not need to be specified explicitly using 'hibernate.dialect' (remove the property setting and it will be selected by default)
2025-09-23T14:51:31.091Z  INFO 2344 --- [    Test worker] org.hibernate.orm.connections.pooling    : HHH10001005: Database info:
	Database JDBC URL [Connecting through datasource 'HikariDataSource (HikariPool-1)']
	Database driver: undefined/unknown
	Database version: 2.3.232
	Autocommit mode: undefined/unknown
	Isolation level: undefined/unknown
	Minimum pool size: undefined/unknown
	Maximum pool size: undefined/unknown
2025-09-23T14:51:31.644Z  INFO 2344 --- [    Test worker] o.h.e.t.j.p.i.JtaPlatformInitiator       : HHH000489: No JTA platform available (set 'hibernate.transaction.jta.platform' to enable JTA platform integration)
2025-09-23T14:51:31.652Z  INFO 2344 --- [    Test worker] j.LocalContainerEntityManagerFactoryBean : Initialized JPA EntityManagerFactory for persistence unit 'default'
2025-09-23T14:51:31.849Z  WARN 2344 --- [    Test worker] JpaBaseConfiguration$JpaWebConfiguration : spring.jpa.open-in-view is enabled by default. Therefore, database queries may be performed during view rendering. Explicitly configure spring.jpa.open-in-view to disable this warning
2025-09-23T14:51:32.690Z  INFO 2344 --- [    Test worker] o.s.b.a.e.web.EndpointLinksResolver      : Exposing 1 endpoint beneath base path '/actuator'
2025-09-23T14:51:32.818Z  INFO 2344 --- [    Test worker] .p.PerformanceAppBackendApplicationTests : Started PerformanceAppBackendApplicationTests in 5.455 seconds (process running for 7.627)
]]></system-out>
  <system-err><![CDATA[Mockito is currently self-attaching to enable the inline-mock-maker. This will no longer work in future releases of the JDK. Please add Mockito as an agent to your build as described in Mockito's documentation: https://javadoc.io/doc/org.mockito/mockito-core/latest/org.mockito/org/mockito/Mockito.html#0.3
WARNING: A Java agent has been loaded dynamically (/home/runner/.gradle/caches/modules-2/files-2.1/net.bytebuddy/byte-buddy-agent/1.17.7/fbf3d6d649ed37fc9e9c59480a05be0a26e3c2da/byte-buddy-agent-1.17.7.jar)
WARNING: If a serviceability tool is in use, please run with -XX:+EnableDynamicAgentLoading to hide this warning
WARNING: If a serviceability tool is not in use, please run with -Djdk.instrument.traceUsage for more information
WARNING: Dynamic loading of agents will be disallowed by default in a future release
]]></system-err>
</testsuite>
